<?xml version="1.0" encoding="UTF-8"?>
<testsuite xmlns:xsi="http://www.w3.org/2001/XMLSchema-instance" xsi:noNamespaceSchemaLocation="https://maven.apache.org/surefire/maven-surefire-plugin/xsd/surefire-test-report.xsd" version="3.0.2" name="ch.hslu.oop.mep24hs.ShimmsTest" time="0.038" tests="5" errors="0" skipped="0" failures="0">
  <properties>
[...]
</properties>
  <testcase name="testToString" classname="ch.hslu.oop.mep24hs.ShimmsTest" time="0.021"/>
  <testcase name="testValidPayload" classname="ch.hslu.oop.mep24hs.ShimmsTest" time="0.001"/>
  <testcase name="testInvalidRegNum" classname="ch.hslu.oop.mep24hs.ShimmsTest" time="0.001"/>
  <testcase name="testValidRegNum" classname="ch.hslu.oop.mep24hs.ShimmsTest" time="0.001"/>
  <testcase name="testInvalidPayload" classname="ch.hslu.oop.mep24hs.ShimmsTest" time="0.001"/>
</testsuite>